<?xml version="1.0" encoding="UTF-8"?>
<!-- Generated by org.testng.reporters.JUnitReportReporter -->
<testsuite skipped="0" hostname="DESKTOP-UARTOMT" name="com.rahulshettyacademy.DemoTest" tests="2" failures="0" timestamp="02 Aug 2021 21:11:29 GMT" time="19.457" errors="0">
  <testcase name="flightTest" time="8.556" classname="com.rahulshettyacademy.DemoTest"/>
  <testcase name="flightTest" time="10.901" classname="com.rahulshettyacademy.DemoTest"/>
</testsuite> <!-- com.rahulshettyacademy.DemoTest -->
